2012-04-29 04:32:12,543 FATAL - Aurora.Framework.BaseConsole [Console]: Console log level is INFO
2012-04-29 04:32:12,571 WARN  - Aurora.Framework.BaseConsole ====================================================================
2012-04-29 04:32:12,571 WARN  - Aurora.Framework.BaseConsole ====================== STARTING AURORA (x64) ======================
2012-04-29 04:32:12,571 WARN  - Aurora.Framework.BaseConsole ====================================================================
2012-04-29 04:32:12,571 WARN  - Aurora.Framework.BaseConsole [AuroraStartup]: Version: Virtual Reality Server: 0.1.1.1 Dev (Unix/Mono)

2012-04-29 04:32:12,762 INFO  - Aurora.Framework.BaseConsole [HttpServer.HttpListener]: HTTP listening on 0.0.0.0:9000
2012-04-29 04:32:13,303 INFO  - Aurora.OptionalModules.VivoxVoiceModule [VivoxVoice] using vivox server www.osp.vivox.com
2012-04-29 04:32:13,439 INFO  - Aurora.OptionalModules.VivoxVoiceModule [VivoxVoice] Admin connection established
2012-04-29 04:32:13,440 INFO  - Aurora.OptionalModules.VivoxVoiceModule [VivoxVoice] plugin enabled
2012-04-29 04:32:13,449 INFO  - Aurora.Framework.BaseConsole [UpdaterPlugin:GitHubUpdater] Checking for updates...
2012-04-29 04:32:13,591 ERROR - Aurora.Framework.BaseConsole [UpdaterPlugin:GitHubUpdater] Failed to get downloads from github API.
2012-04-29 04:32:13,671 WARN  - StarDust.Currency.DustCurrencyService ====================================================================
2012-04-29 04:32:13,671 WARN  - StarDust.Currency.DustCurrencyService ====================== STARDUST CURRENCY 2012 ======================
2012-04-29 04:32:13,671 WARN  - StarDust.Currency.DustCurrencyService ====================================================================
2012-04-29 04:32:13,671 WARN  - StarDust.Currency.DustCurrencyService Stardust TOS/License Agreement - READ ME <<<<<<<<<<<<<<<<<<<<<<<<<<<
2012-04-29 04:32:13,671 WARN  - StarDust.Currency.DustCurrencyService ====================================================================
2012-04-29 04:32:13,671 WARN  - StarDust.Currency.DustCurrencyService * Do NOT use this module in a production environment. 
2012-04-29 04:32:13,671 WARN  - StarDust.Currency.DustCurrencyService * This module is for educational purposes only, and should NOT be
2012-04-29 04:32:13,671 WARN  - StarDust.Currency.DustCurrencyService   used in a production environment!
2012-04-29 04:32:13,671 WARN  - StarDust.Currency.DustCurrencyService * By using this module you agree that Skidz Tweak, Aurora-Sim, or
2012-04-29 04:32:13,671 WARN  - StarDust.Currency.DustCurrencyService   other contributing developers are in no way responsible for any
2012-04-29 04:32:13,671 WARN  - StarDust.Currency.DustCurrencyService   damages that may occur as a result of using this module.
2012-04-29 04:32:13,671 WARN  - StarDust.Currency.DustCurrencyService * By using this module you agree that you understand the risks of
2012-04-29 04:32:13,671 WARN  - StarDust.Currency.DustCurrencyService   running this module and are fully willing to accept those risks
2012-04-29 04:32:13,671 WARN  - StarDust.Currency.DustCurrencyService   and any consequences that may occur.
2012-04-29 04:32:13,671 WARN  - StarDust.Currency.DustCurrencyService * By downing and using this module you are agreeing to everything
2012-04-29 04:32:13,671 WARN  - StarDust.Currency.DustCurrencyService   listed above. If you do not agree, do not use it.
2012-04-29 04:32:13,671 WARN  - StarDust.Currency.DustCurrencyService ====================================================================
2012-04-29 04:32:13,671 WARN  - StarDust.Currency.DustCurrencyService [StarDustStartup]: Version: 0.5

2012-04-29 04:32:13,671 WARN  - StarDust.Currency.DustCurrencyService ====================================================================
2012-04-29 04:32:13,673 INFO  - Aurora.Framework.BaseConsole [HttpServer.HttpListener]: HTTP listening on 0.0.0.0:8007
2012-04-29 04:32:13,673 ERROR - Aurora.Framework.BaseConsole [BASE HTTP SERVER]: Error - Address already in use
2012-04-29 04:32:13,673 ERROR - Aurora.Framework.BaseConsole [BASE HTTP SERVER]: Tip: Do you have permission to listen on port 8007?
2012-04-29 04:32:13,710 INFO  - Aurora.Framework.BaseConsole [LoadRegions]: Checking for regions from File Based Plugin
2012-04-29 04:32:13,713 INFO  - Aurora.Framework.BaseConsole =====================================

2012-04-29 04:32:13,713 INFO  - Aurora.Framework.BaseConsole We are now going to ask a couple of questions about your region.

2012-04-29 04:32:13,713 INFO  - Aurora.Framework.BaseConsole You can press 'enter' without typing anything to use the default

2012-04-29 04:32:13,713 INFO  - Aurora.Framework.BaseConsole the default is displayed between [ ] brackets.

2012-04-29 04:32:13,713 INFO  - Aurora.Framework.BaseConsole =====================================

2012-04-29 04:32:52,210 INFO  - Aurora.Framework.BaseConsole [SceneManager]: Starting region "Welcome Island" at @ 1000,1000
2012-04-29 04:32:52,285 ERROR - Aurora.Framework.BaseConsole [APPLICATION]: 
APPLICATION EXCEPTION DETECTED

Exception: System.DllNotFoundException: libode-x86_64
  at (wrapper managed-to-native) OdeAPI.d:InitODE ()
  at Aurora.Physics.AuroraOpenDynamicsEngine.AuroraODEPlugin.GetScene (System.String sceneIdentifier) [0x00000] 
  at Aurora.Modules.Startup.PhysicsPluginManager.GetPhysicsScene (System.String physEngineName, System.String meshEngineName, IConfigSource config, Aurora.Framework.RegionInfo region, IRegistryCore registry) [0x00000] 
  at Aurora.Modules.Startup.PhysicsInitializer.Initialise (IScene scene, IConfigSource source, ISimulationBase openSimBase) [0x00000] 
  at OpenSim.Region.Framework.Scenes.SceneManager.StartModules (IScene scene) [0x00000] 
  at OpenSim.Region.Framework.Scenes.SceneManager.StartNewRegion (IScene scene) [0x00000] 
  at OpenSim.Region.Framework.Scenes.SceneManager.StartNewRegion (Aurora.Framework.RegionInfo regionInfo) [0x00000] 
  at OpenSim.CoreApplicationPlugins.LoadRegionsPlugin.PostStart () [0x00000] 
  at Aurora.Simulation.Base.SimulationBase.StartModules () [0x00000] 
  at Aurora.Simulation.Base.SimulationBase.Startup () [0x00000] 
  at Aurora.Simulation.Base.BaseApplication.Startup (Nini.Config.ArgvConfigSource originalConfigSource, IConfigSource configSource, ISimulationBase simBase, System.String[] cmdParameters) [0x00000] 

Application is terminating: False

2012-04-29 04:32:52,315 ERROR - Aurora.Framework.BaseConsole [CRASH LOGGER CRASHED]: System.NotImplementedException: The requested feature is not implemented.
  at System.IO.FileStream.get_SafeFileHandle () [0x00000] 
  at Aurora.Simulation.Base.BaseApplication.handleException (System.String msg, System.Exception ex) [0x00000] 
2012-04-29 05:11:35,714 FATAL - Aurora.Framework.BaseConsole [Console]: Console log level is INFO
2012-04-29 05:11:35,741 WARN  - Aurora.Framework.BaseConsole ====================================================================
2012-04-29 05:11:35,741 WARN  - Aurora.Framework.BaseConsole ====================== STARTING AURORA (x64) ======================
2012-04-29 05:11:35,741 WARN  - Aurora.Framework.BaseConsole ====================================================================
2012-04-29 05:11:35,741 WARN  - Aurora.Framework.BaseConsole [AuroraStartup]: Version: Virtual Reality Server: 0.1.1.1 Dev (Unix/Mono)

2012-04-29 05:11:36,031 INFO  - Aurora.Framework.BaseConsole [HttpServer.HttpListener]: HTTP listening on 0.0.0.0:9000
2012-04-29 05:11:36,623 INFO  - Aurora.OptionalModules.VivoxVoiceModule [VivoxVoice] using vivox server www.osp.vivox.com
2012-04-29 05:11:36,759 INFO  - Aurora.OptionalModules.VivoxVoiceModule [VivoxVoice] Admin connection established
2012-04-29 05:11:36,759 INFO  - Aurora.OptionalModules.VivoxVoiceModule [VivoxVoice] plugin enabled
2012-04-29 05:11:36,769 INFO  - Aurora.Framework.BaseConsole [UpdaterPlugin:GitHubUpdater] Checking for updates...
2012-04-29 05:11:36,917 ERROR - Aurora.Framework.BaseConsole [UpdaterPlugin:GitHubUpdater] Failed to get downloads from github API.
2012-04-29 05:11:36,999 WARN  - StarDust.Currency.DustCurrencyService ====================================================================
2012-04-29 05:11:36,999 WARN  - StarDust.Currency.DustCurrencyService ====================== STARDUST CURRENCY 2012 ======================
2012-04-29 05:11:36,999 WARN  - StarDust.Currency.DustCurrencyService ====================================================================
2012-04-29 05:11:36,999 WARN  - StarDust.Currency.DustCurrencyService Stardust TOS/License Agreement - READ ME <<<<<<<<<<<<<<<<<<<<<<<<<<<
2012-04-29 05:11:36,999 WARN  - StarDust.Currency.DustCurrencyService ====================================================================
2012-04-29 05:11:36,999 WARN  - StarDust.Currency.DustCurrencyService * Do NOT use this module in a production environment. 
2012-04-29 05:11:36,999 WARN  - StarDust.Currency.DustCurrencyService * This module is for educational purposes only, and should NOT be
2012-04-29 05:11:36,999 WARN  - StarDust.Currency.DustCurrencyService   used in a production environment!
2012-04-29 05:11:36,999 WARN  - StarDust.Currency.DustCurrencyService * By using this module you agree that Skidz Tweak, Aurora-Sim, or
2012-04-29 05:11:36,999 WARN  - StarDust.Currency.DustCurrencyService   other contributing developers are in no way responsible for any
2012-04-29 05:11:36,999 WARN  - StarDust.Currency.DustCurrencyService   damages that may occur as a result of using this module.
2012-04-29 05:11:36,999 WARN  - StarDust.Currency.DustCurrencyService * By using this module you agree that you understand the risks of
2012-04-29 05:11:36,999 WARN  - StarDust.Currency.DustCurrencyService   running this module and are fully willing to accept those risks
2012-04-29 05:11:36,999 WARN  - StarDust.Currency.DustCurrencyService   and any consequences that may occur.
2012-04-29 05:11:36,999 WARN  - StarDust.Currency.DustCurrencyService * By downing and using this module you are agreeing to everything
2012-04-29 05:11:36,999 WARN  - StarDust.Currency.DustCurrencyService   listed above. If you do not agree, do not use it.
2012-04-29 05:11:36,999 WARN  - StarDust.Currency.DustCurrencyService ====================================================================
2012-04-29 05:11:36,999 WARN  - StarDust.Currency.DustCurrencyService [StarDustStartup]: Version: 0.5

2012-04-29 05:11:36,999 WARN  - StarDust.Currency.DustCurrencyService ====================================================================
2012-04-29 05:11:37,002 INFO  - Aurora.Framework.BaseConsole [HttpServer.HttpListener]: HTTP listening on 0.0.0.0:8007
2012-04-29 05:11:37,002 ERROR - Aurora.Framework.BaseConsole [BASE HTTP SERVER]: Error - Address already in use
2012-04-29 05:11:37,002 ERROR - Aurora.Framework.BaseConsole [BASE HTTP SERVER]: Tip: Do you have permission to listen on port 8007?
2012-04-29 05:11:37,057 INFO  - Aurora.Framework.BaseConsole [LoadRegions]: Checking for regions from File Based Plugin
2012-04-29 05:11:37,063 INFO  - Aurora.Framework.BaseConsole [SceneManager]: Starting region "Welcome Island" at @ 1000,1000
2012-04-29 05:11:37,130 ERROR - Aurora.Framework.BaseConsole [APPLICATION]: 
APPLICATION EXCEPTION DETECTED

Exception: System.DllNotFoundException: libode-x86_64
  at (wrapper managed-to-native) OdeAPI.d:InitODE ()
  at Aurora.Physics.AuroraOpenDynamicsEngine.AuroraODEPlugin.GetScene (System.String sceneIdentifier) [0x00000] 
  at Aurora.Modules.Startup.PhysicsPluginManager.GetPhysicsScene (System.String physEngineName, System.String meshEngineName, IConfigSource config, Aurora.Framework.RegionInfo region, IRegistryCore registry) [0x00000] 
  at Aurora.Modules.Startup.PhysicsInitializer.Initialise (IScene scene, IConfigSource source, ISimulationBase openSimBase) [0x00000] 
  at OpenSim.Region.Framework.Scenes.SceneManager.StartModules (IScene scene) [0x00000] 
  at OpenSim.Region.Framework.Scenes.SceneManager.StartNewRegion (IScene scene) [0x00000] 
  at OpenSim.Region.Framework.Scenes.SceneManager.StartNewRegion (Aurora.Framework.RegionInfo regionInfo) [0x00000] 
  at OpenSim.CoreApplicationPlugins.LoadRegionsPlugin.PostStart () [0x00000] 
  at Aurora.Simulation.Base.SimulationBase.StartModules () [0x00000] 
  at Aurora.Simulation.Base.SimulationBase.Startup () [0x00000] 
  at Aurora.Simulation.Base.BaseApplication.Startup (Nini.Config.ArgvConfigSource originalConfigSource, IConfigSource configSource, ISimulationBase simBase, System.String[] cmdParameters) [0x00000] 

Application is terminating: False

2012-04-29 05:11:37,132 ERROR - Aurora.Framework.BaseConsole [CRASH LOGGER CRASHED]: System.NotImplementedException: The requested feature is not implemented.
  at System.IO.FileStream.get_SafeFileHandle () [0x00000] 
  at Aurora.Simulation.Base.BaseApplication.handleException (System.String msg, System.Exception ex) [0x00000] 
2012-04-29 05:12:39,098 FATAL - Aurora.Framework.BaseConsole [Console]: Console log level is INFO
2012-04-29 05:12:39,131 WARN  - Aurora.Framework.BaseConsole ====================================================================
2012-04-29 05:12:39,131 WARN  - Aurora.Framework.BaseConsole ====================== STARTING AURORA (x64) ======================
2012-04-29 05:12:39,131 WARN  - Aurora.Framework.BaseConsole ====================================================================
2012-04-29 05:12:39,131 WARN  - Aurora.Framework.BaseConsole [AuroraStartup]: Version: Virtual Reality Server: 0.1.1.1 Dev (Unix/Mono)

2012-04-29 05:12:39,250 INFO  - Aurora.Framework.BaseConsole [HttpServer.HttpListener]: HTTP listening on 0.0.0.0:9000
2012-04-29 05:12:39,843 INFO  - Aurora.OptionalModules.VivoxVoiceModule [VivoxVoice] using vivox server www.osp.vivox.com
2012-04-29 05:12:39,981 INFO  - Aurora.OptionalModules.VivoxVoiceModule [VivoxVoice] Admin connection established
2012-04-29 05:12:39,981 INFO  - Aurora.OptionalModules.VivoxVoiceModule [VivoxVoice] plugin enabled
2012-04-29 05:12:40,073 WARN  - StarDust.Currency.DustCurrencyService ====================================================================
2012-04-29 05:12:40,074 WARN  - StarDust.Currency.DustCurrencyService ====================== STARDUST CURRENCY 2012 ======================
2012-04-29 05:12:40,074 WARN  - StarDust.Currency.DustCurrencyService ====================================================================
2012-04-29 05:12:40,074 WARN  - StarDust.Currency.DustCurrencyService Stardust TOS/License Agreement - READ ME <<<<<<<<<<<<<<<<<<<<<<<<<<<
2012-04-29 05:12:40,074 WARN  - StarDust.Currency.DustCurrencyService ====================================================================
2012-04-29 05:12:40,074 WARN  - StarDust.Currency.DustCurrencyService * Do NOT use this module in a production environment. 
2012-04-29 05:12:40,074 WARN  - StarDust.Currency.DustCurrencyService * This module is for educational purposes only, and should NOT be
2012-04-29 05:12:40,074 WARN  - StarDust.Currency.DustCurrencyService   used in a production environment!
2012-04-29 05:12:40,074 WARN  - StarDust.Currency.DustCurrencyService * By using this module you agree that Skidz Tweak, Aurora-Sim, or
2012-04-29 05:12:40,074 WARN  - StarDust.Currency.DustCurrencyService   other contributing developers are in no way responsible for any
2012-04-29 05:12:40,074 WARN  - StarDust.Currency.DustCurrencyService   damages that may occur as a result of using this module.
2012-04-29 05:12:40,074 WARN  - StarDust.Currency.DustCurrencyService * By using this module you agree that you understand the risks of
2012-04-29 05:12:40,074 WARN  - StarDust.Currency.DustCurrencyService   running this module and are fully willing to accept those risks
2012-04-29 05:12:40,074 WARN  - StarDust.Currency.DustCurrencyService   and any consequences that may occur.
2012-04-29 05:12:40,074 WARN  - StarDust.Currency.DustCurrencyService * By downing and using this module you are agreeing to everything
2012-04-29 05:12:40,074 WARN  - StarDust.Currency.DustCurrencyService   listed above. If you do not agree, do not use it.
2012-04-29 05:12:40,074 WARN  - StarDust.Currency.DustCurrencyService ====================================================================
2012-04-29 05:12:40,074 WARN  - StarDust.Currency.DustCurrencyService [StarDustStartup]: Version: 0.5

2012-04-29 05:12:40,074 WARN  - StarDust.Currency.DustCurrencyService ====================================================================
2012-04-29 05:12:40,077 INFO  - Aurora.Framework.BaseConsole [HttpServer.HttpListener]: HTTP listening on 0.0.0.0:8007
2012-04-29 05:12:40,077 ERROR - Aurora.Framework.BaseConsole [BASE HTTP SERVER]: Error - Address already in use
2012-04-29 05:12:40,078 ERROR - Aurora.Framework.BaseConsole [BASE HTTP SERVER]: Tip: Do you have permission to listen on port 8007?
2012-04-29 05:12:40,122 INFO  - Aurora.Framework.BaseConsole [LoadRegions]: Checking for regions from File Based Plugin
2012-04-29 05:12:40,128 INFO  - Aurora.Framework.BaseConsole [SceneManager]: Starting region "Welcome Island" at @ 1000,1000
2012-04-29 05:12:40,206 ERROR - Aurora.Framework.BaseConsole [APPLICATION]: 
APPLICATION EXCEPTION DETECTED

Exception: System.DllNotFoundException: libode-x86_64
  at (wrapper managed-to-native) OdeAPI.d:InitODE ()
  at Aurora.Physics.AuroraOpenDynamicsEngine.AuroraODEPlugin.GetScene (System.String sceneIdentifier) [0x00000] 
  at Aurora.Modules.Startup.PhysicsPluginManager.GetPhysicsScene (System.String physEngineName, System.String meshEngineName, IConfigSource config, Aurora.Framework.RegionInfo region, IRegistryCore registry) [0x00000] 
  at Aurora.Modules.Startup.PhysicsInitializer.Initialise (IScene scene, IConfigSource source, ISimulationBase openSimBase) [0x00000] 
  at OpenSim.Region.Framework.Scenes.SceneManager.StartModules (IScene scene) [0x00000] 
  at OpenSim.Region.Framework.Scenes.SceneManager.StartNewRegion (IScene scene) [0x00000] 
  at OpenSim.Region.Framework.Scenes.SceneManager.StartNewRegion (Aurora.Framework.RegionInfo regionInfo) [0x00000] 
  at OpenSim.CoreApplicationPlugins.LoadRegionsPlugin.PostStart () [0x00000] 
  at Aurora.Simulation.Base.SimulationBase.StartModules () [0x00000] 
  at Aurora.Simulation.Base.SimulationBase.Startup () [0x00000] 
  at Aurora.Simulation.Base.BaseApplication.Startup (Nini.Config.ArgvConfigSource originalConfigSource, IConfigSource configSource, ISimulationBase simBase, System.String[] cmdParameters) [0x00000] 

Application is terminating: False

2012-04-29 05:12:40,208 ERROR - Aurora.Framework.BaseConsole [CRASH LOGGER CRASHED]: System.NotImplementedException: The requested feature is not implemented.
  at System.IO.FileStream.get_SafeFileHandle () [0x00000] 
  at Aurora.Simulation.Base.BaseApplication.handleException (System.String msg, System.Exception ex) [0x00000] 
2012-04-29 11:16:38,014 FATAL - Aurora.Framework.BaseConsole [Console]: Console log level is INFO
2012-04-29 11:16:38,081 WARN  - Aurora.Framework.BaseConsole ====================================================================
2012-04-29 11:16:38,081 WARN  - Aurora.Framework.BaseConsole ====================== STARTING AURORA (x64) ======================
2012-04-29 11:16:38,081 WARN  - Aurora.Framework.BaseConsole ====================================================================
2012-04-29 11:16:38,081 WARN  - Aurora.Framework.BaseConsole [AuroraStartup]: Version: Virtual Reality Server: 0.1.1.1 Dev (Unix/Mono)

2012-04-29 11:16:38,191 INFO  - Aurora.Framework.BaseConsole [HttpServer.HttpListener]: HTTP listening on 0.0.0.0:9000
2012-04-29 11:16:38,799 INFO  - Aurora.OptionalModules.VivoxVoiceModule [VivoxVoice] using vivox server www.osp.vivox.com
2012-04-29 11:16:38,964 INFO  - Aurora.OptionalModules.VivoxVoiceModule [VivoxVoice] Admin connection established
2012-04-29 11:16:38,964 INFO  - Aurora.OptionalModules.VivoxVoiceModule [VivoxVoice] plugin enabled
2012-04-29 11:16:38,975 INFO  - Aurora.Framework.BaseConsole [UpdaterPlugin:GitHubUpdater] Checking for updates...
2012-04-29 11:16:39,225 ERROR - Aurora.Framework.BaseConsole [UpdaterPlugin:GitHubUpdater] Failed to get downloads from github API.
2012-04-29 11:16:39,322 WARN  - StarDust.Currency.DustCurrencyService ====================================================================
2012-04-29 11:16:39,323 WARN  - StarDust.Currency.DustCurrencyService ====================== STARDUST CURRENCY 2012 ======================
2012-04-29 11:16:39,323 WARN  - StarDust.Currency.DustCurrencyService ====================================================================
2012-04-29 11:16:39,323 WARN  - StarDust.Currency.DustCurrencyService Stardust TOS/License Agreement - READ ME <<<<<<<<<<<<<<<<<<<<<<<<<<<
2012-04-29 11:16:39,323 WARN  - StarDust.Currency.DustCurrencyService ====================================================================
2012-04-29 11:16:39,323 WARN  - StarDust.Currency.DustCurrencyService * Do NOT use this module in a production environment. 
2012-04-29 11:16:39,323 WARN  - StarDust.Currency.DustCurrencyService * This module is for educational purposes only, and should NOT be
2012-04-29 11:16:39,323 WARN  - StarDust.Currency.DustCurrencyService   used in a production environment!
2012-04-29 11:16:39,323 WARN  - StarDust.Currency.DustCurrencyService * By using this module you agree that Skidz Tweak, Aurora-Sim, or
2012-04-29 11:16:39,323 WARN  - StarDust.Currency.DustCurrencyService   other contributing developers are in no way responsible for any
2012-04-29 11:16:39,323 WARN  - StarDust.Currency.DustCurrencyService   damages that may occur as a result of using this module.
2012-04-29 11:16:39,323 WARN  - StarDust.Currency.DustCurrencyService * By using this module you agree that you understand the risks of
2012-04-29 11:16:39,323 WARN  - StarDust.Currency.DustCurrencyService   running this module and are fully willing to accept those risks
2012-04-29 11:16:39,323 WARN  - StarDust.Currency.DustCurrencyService   and any consequences that may occur.
2012-04-29 11:16:39,323 WARN  - StarDust.Currency.DustCurrencyService * By downing and using this module you are agreeing to everything
2012-04-29 11:16:39,323 WARN  - StarDust.Currency.DustCurrencyService   listed above. If you do not agree, do not use it.
2012-04-29 11:16:39,323 WARN  - StarDust.Currency.DustCurrencyService ====================================================================
2012-04-29 11:16:39,323 WARN  - StarDust.Currency.DustCurrencyService [StarDustStartup]: Version: 0.5

2012-04-29 11:16:39,323 WARN  - StarDust.Currency.DustCurrencyService ====================================================================
2012-04-29 11:16:39,325 INFO  - Aurora.Framework.BaseConsole [HttpServer.HttpListener]: HTTP listening on 0.0.0.0:8007
2012-04-29 11:16:39,325 ERROR - Aurora.Framework.BaseConsole [BASE HTTP SERVER]: Error - Address already in use
2012-04-29 11:16:39,326 ERROR - Aurora.Framework.BaseConsole [BASE HTTP SERVER]: Tip: Do you have permission to listen on port 8007?
2012-04-29 11:16:39,371 INFO  - Aurora.Framework.BaseConsole [LoadRegions]: Checking for regions from File Based Plugin
2012-04-29 11:16:39,394 INFO  - Aurora.Framework.BaseConsole [SceneManager]: Starting region "Welcome Island" at @ 1000,1000
2012-04-29 11:16:39,506 ERROR - Aurora.Framework.BaseConsole [APPLICATION]: 
APPLICATION EXCEPTION DETECTED

Exception: System.DllNotFoundException: libode-x86_64
  at (wrapper managed-to-native) OdeAPI.d:InitODE ()
  at Aurora.Physics.AuroraOpenDynamicsEngine.AuroraODEPlugin.GetScene (System.String sceneIdentifier) [0x00000] 
  at Aurora.Modules.Startup.PhysicsPluginManager.GetPhysicsScene (System.String physEngineName, System.String meshEngineName, IConfigSource config, Aurora.Framework.RegionInfo region, IRegistryCore registry) [0x00000] 
  at Aurora.Modules.Startup.PhysicsInitializer.Initialise (IScene scene, IConfigSource source, ISimulationBase openSimBase) [0x00000] 
  at OpenSim.Region.Framework.Scenes.SceneManager.StartModules (IScene scene) [0x00000] 
  at OpenSim.Region.Framework.Scenes.SceneManager.StartNewRegion (IScene scene) [0x00000] 
  at OpenSim.Region.Framework.Scenes.SceneManager.StartNewRegion (Aurora.Framework.RegionInfo regionInfo) [0x00000] 
  at OpenSim.CoreApplicationPlugins.LoadRegionsPlugin.PostStart () [0x00000] 
  at Aurora.Simulation.Base.SimulationBase.StartModules () [0x00000] 
  at Aurora.Simulation.Base.SimulationBase.Startup () [0x00000] 
  at Aurora.Simulation.Base.BaseApplication.Startup (Nini.Config.ArgvConfigSource originalConfigSource, IConfigSource configSource, ISimulationBase simBase, System.String[] cmdParameters) [0x00000] 

Application is terminating: False

2012-04-29 11:16:39,524 ERROR - Aurora.Framework.BaseConsole [CRASH LOGGER CRASHED]: System.NotImplementedException: The requested feature is not implemented.
  at System.IO.FileStream.get_SafeFileHandle () [0x00000] 
  at Aurora.Simulation.Base.BaseApplication.handleException (System.String msg, System.Exception ex) [0x00000] 
2012-04-29 11:21:58,777 FATAL - Aurora.Framework.BaseConsole [Console]: Console log level is INFO
2012-04-29 11:21:58,811 WARN  - Aurora.Framework.BaseConsole ====================================================================
2012-04-29 11:21:58,811 WARN  - Aurora.Framework.BaseConsole ====================== STARTING AURORA (x64) ======================
2012-04-29 11:21:58,811 WARN  - Aurora.Framework.BaseConsole ====================================================================
2012-04-29 11:21:58,811 WARN  - Aurora.Framework.BaseConsole [AuroraStartup]: Version: Virtual Reality Server: 0.1.1.1 Dev (Unix/Mono)

2012-04-29 11:21:59,214 INFO  - Aurora.Framework.BaseConsole [HttpServer.HttpListener]: HTTP listening on 0.0.0.0:9000
2012-04-29 11:21:59,798 INFO  - Aurora.OptionalModules.VivoxVoiceModule [VivoxVoice] using vivox server www.osp.vivox.com
2012-04-29 11:21:59,936 INFO  - Aurora.OptionalModules.VivoxVoiceModule [VivoxVoice] Admin connection established
2012-04-29 11:21:59,937 INFO  - Aurora.OptionalModules.VivoxVoiceModule [VivoxVoice] plugin enabled
2012-04-29 11:21:59,947 INFO  - Aurora.Framework.BaseConsole [UpdaterPlugin:GitHubUpdater] Checking for updates...
2012-04-29 11:22:00,094 ERROR - Aurora.Framework.BaseConsole [UpdaterPlugin:GitHubUpdater] Failed to get downloads from github API.
2012-04-29 11:22:00,170 WARN  - StarDust.Currency.DustCurrencyService ====================================================================
2012-04-29 11:22:00,170 WARN  - StarDust.Currency.DustCurrencyService ====================== STARDUST CURRENCY 2012 ======================
2012-04-29 11:22:00,170 WARN  - StarDust.Currency.DustCurrencyService ====================================================================
2012-04-29 11:22:00,170 WARN  - StarDust.Currency.DustCurrencyService Stardust TOS/License Agreement - READ ME <<<<<<<<<<<<<<<<<<<<<<<<<<<
2012-04-29 11:22:00,171 WARN  - StarDust.Currency.DustCurrencyService ====================================================================
2012-04-29 11:22:00,171 WARN  - StarDust.Currency.DustCurrencyService * Do NOT use this module in a production environment. 
2012-04-29 11:22:00,171 WARN  - StarDust.Currency.DustCurrencyService * This module is for educational purposes only, and should NOT be
2012-04-29 11:22:00,171 WARN  - StarDust.Currency.DustCurrencyService   used in a production environment!
2012-04-29 11:22:00,171 WARN  - StarDust.Currency.DustCurrencyService * By using this module you agree that Skidz Tweak, Aurora-Sim, or
2012-04-29 11:22:00,171 WARN  - StarDust.Currency.DustCurrencyService   other contributing developers are in no way responsible for any
2012-04-29 11:22:00,171 WARN  - StarDust.Currency.DustCurrencyService   damages that may occur as a result of using this module.
2012-04-29 11:22:00,171 WARN  - StarDust.Currency.DustCurrencyService * By using this module you agree that you understand the risks of
2012-04-29 11:22:00,171 WARN  - StarDust.Currency.DustCurrencyService   running this module and are fully willing to accept those risks
2012-04-29 11:22:00,171 WARN  - StarDust.Currency.DustCurrencyService   and any consequences that may occur.
2012-04-29 11:22:00,171 WARN  - StarDust.Currency.DustCurrencyService * By downing and using this module you are agreeing to everything
2012-04-29 11:22:00,171 WARN  - StarDust.Currency.DustCurrencyService   listed above. If you do not agree, do not use it.
2012-04-29 11:22:00,171 WARN  - StarDust.Currency.DustCurrencyService ====================================================================
2012-04-29 11:22:00,171 WARN  - StarDust.Currency.DustCurrencyService [StarDustStartup]: Version: 0.5

2012-04-29 11:22:00,171 WARN  - StarDust.Currency.DustCurrencyService ====================================================================
2012-04-29 11:22:00,173 INFO  - Aurora.Framework.BaseConsole [HttpServer.HttpListener]: HTTP listening on 0.0.0.0:8007
2012-04-29 11:22:00,173 ERROR - Aurora.Framework.BaseConsole [BASE HTTP SERVER]: Error - Address already in use
2012-04-29 11:22:00,173 ERROR - Aurora.Framework.BaseConsole [BASE HTTP SERVER]: Tip: Do you have permission to listen on port 8007?
2012-04-29 11:22:00,217 INFO  - Aurora.Framework.BaseConsole [LoadRegions]: Checking for regions from File Based Plugin
2012-04-29 11:22:00,222 INFO  - Aurora.Framework.BaseConsole [SceneManager]: Starting region "Welcome Island" at @ 1000,1000
2012-04-29 11:22:00,286 ERROR - Aurora.Framework.BaseConsole [APPLICATION]: 
APPLICATION EXCEPTION DETECTED

Exception: System.DllNotFoundException: libode-x86_64
  at (wrapper managed-to-native) OdeAPI.d:InitODE ()
  at Aurora.Physics.AuroraOpenDynamicsEngine.AuroraODEPlugin.GetScene (System.String sceneIdentifier) [0x00000] 
  at Aurora.Modules.Startup.PhysicsPluginManager.GetPhysicsScene (System.String physEngineName, System.String meshEngineName, IConfigSource config, Aurora.Framework.RegionInfo region, IRegistryCore registry) [0x00000] 
  at Aurora.Modules.Startup.PhysicsInitializer.Initialise (IScene scene, IConfigSource source, ISimulationBase openSimBase) [0x00000] 
  at OpenSim.Region.Framework.Scenes.SceneManager.StartModules (IScene scene) [0x00000] 
  at OpenSim.Region.Framework.Scenes.SceneManager.StartNewRegion (IScene scene) [0x00000] 
  at OpenSim.Region.Framework.Scenes.SceneManager.StartNewRegion (Aurora.Framework.RegionInfo regionInfo) [0x00000] 
  at OpenSim.CoreApplicationPlugins.LoadRegionsPlugin.PostStart () [0x00000] 
  at Aurora.Simulation.Base.SimulationBase.StartModules () [0x00000] 
  at Aurora.Simulation.Base.SimulationBase.Startup () [0x00000] 
  at Aurora.Simulation.Base.BaseApplication.Startup (Nini.Config.ArgvConfigSource originalConfigSource, IConfigSource configSource, ISimulationBase simBase, System.String[] cmdParameters) [0x00000] 

Application is terminating: False

2012-04-29 11:22:00,288 ERROR - Aurora.Framework.BaseConsole [CRASH LOGGER CRASHED]: System.NotImplementedException: The requested feature is not implemented.
  at System.IO.FileStream.get_SafeFileHandle () [0x00000] 
  at Aurora.Simulation.Base.BaseApplication.handleException (System.String msg, System.Exception ex) [0x00000] 
2012-04-29 12:47:26,791 FATAL - Aurora.Framework.BaseConsole [Console]: Console log level is INFO
2012-04-29 12:47:26,821 WARN  - Aurora.Framework.BaseConsole ====================================================================
2012-04-29 12:47:26,821 WARN  - Aurora.Framework.BaseConsole ====================== STARTING AURORA (x64) ======================
2012-04-29 12:47:26,821 WARN  - Aurora.Framework.BaseConsole ====================================================================
2012-04-29 12:47:26,821 WARN  - Aurora.Framework.BaseConsole [AuroraStartup]: Version: Virtual Reality Server: 0.1.1.1 Dev (Unix/Mono)

2012-04-29 12:47:27,146 INFO  - Aurora.Framework.BaseConsole [HttpServer.HttpListener]: HTTP listening on 0.0.0.0:9000
2012-04-29 12:47:27,759 INFO  - Aurora.OptionalModules.VivoxVoiceModule [VivoxVoice] using vivox server www.osp.vivox.com
2012-04-29 12:47:27,897 INFO  - Aurora.OptionalModules.VivoxVoiceModule [VivoxVoice] Admin connection established
2012-04-29 12:47:27,897 INFO  - Aurora.OptionalModules.VivoxVoiceModule [VivoxVoice] plugin enabled
2012-04-29 12:47:27,907 INFO  - Aurora.Framework.BaseConsole [UpdaterPlugin:GitHubUpdater] Checking for updates...
2012-04-29 12:47:28,085 ERROR - Aurora.Framework.BaseConsole [UpdaterPlugin:GitHubUpdater] Failed to get downloads from github API.
2012-04-29 12:47:28,154 WARN  - StarDust.Currency.DustCurrencyService ====================================================================
2012-04-29 12:47:28,154 WARN  - StarDust.Currency.DustCurrencyService ====================== STARDUST CURRENCY 2012 ======================
2012-04-29 12:47:28,155 WARN  - StarDust.Currency.DustCurrencyService ====================================================================
2012-04-29 12:47:28,155 WARN  - StarDust.Currency.DustCurrencyService Stardust TOS/License Agreement - READ ME <<<<<<<<<<<<<<<<<<<<<<<<<<<
2012-04-29 12:47:28,155 WARN  - StarDust.Currency.DustCurrencyService ====================================================================
2012-04-29 12:47:28,155 WARN  - StarDust.Currency.DustCurrencyService * Do NOT use this module in a production environment. 
2012-04-29 12:47:28,155 WARN  - StarDust.Currency.DustCurrencyService * This module is for educational purposes only, and should NOT be
2012-04-29 12:47:28,155 WARN  - StarDust.Currency.DustCurrencyService   used in a production environment!
2012-04-29 12:47:28,155 WARN  - StarDust.Currency.DustCurrencyService * By using this module you agree that Skidz Tweak, Aurora-Sim, or
2012-04-29 12:47:28,155 WARN  - StarDust.Currency.DustCurrencyService   other contributing developers are in no way responsible for any
2012-04-29 12:47:28,155 WARN  - StarDust.Currency.DustCurrencyService   damages that may occur as a result of using this module.
2012-04-29 12:47:28,155 WARN  - StarDust.Currency.DustCurrencyService * By using this module you agree that you understand the risks of
2012-04-29 12:47:28,155 WARN  - StarDust.Currency.DustCurrencyService   running this module and are fully willing to accept those risks
2012-04-29 12:47:28,155 WARN  - StarDust.Currency.DustCurrencyService   and any consequences that may occur.
2012-04-29 12:47:28,155 WARN  - StarDust.Currency.DustCurrencyService * By downing and using this module you are agreeing to everything
2012-04-29 12:47:28,155 WARN  - StarDust.Currency.DustCurrencyService   listed above. If you do not agree, do not use it.
2012-04-29 12:47:28,155 WARN  - StarDust.Currency.DustCurrencyService ====================================================================
2012-04-29 12:47:28,155 WARN  - StarDust.Currency.DustCurrencyService [StarDustStartup]: Version: 0.5

2012-04-29 12:47:28,155 WARN  - StarDust.Currency.DustCurrencyService ====================================================================
2012-04-29 12:47:28,158 INFO  - Aurora.Framework.BaseConsole [HttpServer.HttpListener]: HTTP listening on 0.0.0.0:8007
2012-04-29 12:47:28,158 ERROR - Aurora.Framework.BaseConsole [BASE HTTP SERVER]: Error - Address already in use
2012-04-29 12:47:28,158 ERROR - Aurora.Framework.BaseConsole [BASE HTTP SERVER]: Tip: Do you have permission to listen on port 8007?
2012-04-29 12:47:28,203 INFO  - Aurora.Framework.BaseConsole [LoadRegions]: Checking for regions from File Based Plugin
2012-04-29 12:47:28,209 INFO  - Aurora.Framework.BaseConsole [SceneManager]: Starting region "Welcome Island" at @ 1000,1000
2012-04-29 12:47:28,266 ERROR - Aurora.Framework.BaseConsole [APPLICATION]: 
APPLICATION EXCEPTION DETECTED

Exception: System.DllNotFoundException: libode-x86_64
  at (wrapper managed-to-native) OdeAPI.d:InitODE ()
  at Aurora.Physics.AuroraOpenDynamicsEngine.AuroraODEPlugin.GetScene (System.String sceneIdentifier) [0x00000] 
  at Aurora.Modules.Startup.PhysicsPluginManager.GetPhysicsScene (System.String physEngineName, System.String meshEngineName, IConfigSource config, Aurora.Framework.RegionInfo region, IRegistryCore registry) [0x00000] 
  at Aurora.Modules.Startup.PhysicsInitializer.Initialise (IScene scene, IConfigSource source, ISimulationBase openSimBase) [0x00000] 
  at OpenSim.Region.Framework.Scenes.SceneManager.StartModules (IScene scene) [0x00000] 
  at OpenSim.Region.Framework.Scenes.SceneManager.StartNewRegion (IScene scene) [0x00000] 
  at OpenSim.Region.Framework.Scenes.SceneManager.StartNewRegion (Aurora.Framework.RegionInfo regionInfo) [0x00000] 
  at OpenSim.CoreApplicationPlugins.LoadRegionsPlugin.PostStart () [0x00000] 
  at Aurora.Simulation.Base.SimulationBase.StartModules () [0x00000] 
  at Aurora.Simulation.Base.SimulationBase.Startup () [0x00000] 
  at Aurora.Simulation.Base.BaseApplication.Startup (Nini.Config.ArgvConfigSource originalConfigSource, IConfigSource configSource, ISimulationBase simBase, System.String[] cmdParameters) [0x00000] 

Application is terminating: False

2012-04-29 12:47:28,268 ERROR - Aurora.Framework.BaseConsole [CRASH LOGGER CRASHED]: System.NotImplementedException: The requested feature is not implemented.
  at System.IO.FileStream.get_SafeFileHandle () [0x00000] 
  at Aurora.Simulation.Base.BaseApplication.handleException (System.String msg, System.Exception ex) [0x00000] 
2012-04-29 12:49:37,485 FATAL - Aurora.Framework.BaseConsole [Console]: Console log level is INFO
2012-04-29 12:49:37,550 WARN  - Aurora.Framework.BaseConsole ====================================================================
2012-04-29 12:49:37,551 WARN  - Aurora.Framework.BaseConsole ====================== STARTING AURORA (x64) ======================
2012-04-29 12:49:37,551 WARN  - Aurora.Framework.BaseConsole ====================================================================
2012-04-29 12:49:37,551 WARN  - Aurora.Framework.BaseConsole [AuroraStartup]: Version: Virtual Reality Server: 0.1.1.1 Dev (Unix/Mono)

2012-04-29 12:49:37,742 INFO  - Aurora.Framework.BaseConsole [HttpServer.HttpListener]: HTTP listening on 0.0.0.0:9000
2012-04-29 12:49:38,349 INFO  - Aurora.OptionalModules.VivoxVoiceModule [VivoxVoice] using vivox server www.osp.vivox.com
2012-04-29 12:49:38,487 INFO  - Aurora.OptionalModules.VivoxVoiceModule [VivoxVoice] Admin connection established
2012-04-29 12:49:38,487 INFO  - Aurora.OptionalModules.VivoxVoiceModule [VivoxVoice] plugin enabled
2012-04-29 12:49:38,497 INFO  - Aurora.Framework.BaseConsole [UpdaterPlugin:GitHubUpdater] Checking for updates...
2012-04-29 12:49:38,652 ERROR - Aurora.Framework.BaseConsole [UpdaterPlugin:GitHubUpdater] Failed to get downloads from github API.
2012-04-29 12:49:38,728 WARN  - StarDust.Currency.DustCurrencyService ====================================================================
2012-04-29 12:49:38,728 WARN  - StarDust.Currency.DustCurrencyService ====================== STARDUST CURRENCY 2012 ======================
2012-04-29 12:49:38,728 WARN  - StarDust.Currency.DustCurrencyService ====================================================================
2012-04-29 12:49:38,728 WARN  - StarDust.Currency.DustCurrencyService Stardust TOS/License Agreement - READ ME <<<<<<<<<<<<<<<<<<<<<<<<<<<
2012-04-29 12:49:38,728 WARN  - StarDust.Currency.DustCurrencyService ====================================================================
2012-04-29 12:49:38,728 WARN  - StarDust.Currency.DustCurrencyService * Do NOT use this module in a production environment. 
2012-04-29 12:49:38,728 WARN  - StarDust.Currency.DustCurrencyService * This module is for educational purposes only, and should NOT be
2012-04-29 12:49:38,729 WARN  - StarDust.Currency.DustCurrencyService   used in a production environment!
2012-04-29 12:49:38,729 WARN  - StarDust.Currency.DustCurrencyService * By using this module you agree that Skidz Tweak, Aurora-Sim, or
2012-04-29 12:49:38,729 WARN  - StarDust.Currency.DustCurrencyService   other contributing developers are in no way responsible for any
2012-04-29 12:49:38,729 WARN  - StarDust.Currency.DustCurrencyService   damages that may occur as a result of using this module.
2012-04-29 12:49:38,729 WARN  - StarDust.Currency.DustCurrencyService * By using this module you agree that you understand the risks of
2012-04-29 12:49:38,729 WARN  - StarDust.Currency.DustCurrencyService   running this module and are fully willing to accept those risks
2012-04-29 12:49:38,729 WARN  - StarDust.Currency.DustCurrencyService   and any consequences that may occur.
2012-04-29 12:49:38,729 WARN  - StarDust.Currency.DustCurrencyService * By downing and using this module you are agreeing to everything
2012-04-29 12:49:38,729 WARN  - StarDust.Currency.DustCurrencyService   listed above. If you do not agree, do not use it.
2012-04-29 12:49:38,729 WARN  - StarDust.Currency.DustCurrencyService ====================================================================
2012-04-29 12:49:38,729 WARN  - StarDust.Currency.DustCurrencyService [StarDustStartup]: Version: 0.5

2012-04-29 12:49:38,729 WARN  - StarDust.Currency.DustCurrencyService ====================================================================
2012-04-29 12:49:38,735 INFO  - Aurora.Framework.BaseConsole [HttpServer.HttpListener]: HTTP listening on 0.0.0.0:8007
2012-04-29 12:49:38,736 ERROR - Aurora.Framework.BaseConsole [BASE HTTP SERVER]: Error - Address already in use
2012-04-29 12:49:38,736 ERROR - Aurora.Framework.BaseConsole [BASE HTTP SERVER]: Tip: Do you have permission to listen on port 8007?
2012-04-29 12:49:38,785 INFO  - Aurora.Framework.BaseConsole [LoadRegions]: Checking for regions from File Based Plugin
2012-04-29 12:49:38,791 INFO  - Aurora.Framework.BaseConsole [SceneManager]: Starting region "Welcome Island" at @ 1000,1000
2012-04-29 12:49:38,858 ERROR - Aurora.Framework.BaseConsole [APPLICATION]: 
APPLICATION EXCEPTION DETECTED

Exception: System.DllNotFoundException: libode-x86_64
  at (wrapper managed-to-native) OdeAPI.d:InitODE ()
  at Aurora.Physics.AuroraOpenDynamicsEngine.AuroraODEPlugin.GetScene (System.String sceneIdentifier) [0x00000] 
  at Aurora.Modules.Startup.PhysicsPluginManager.GetPhysicsScene (System.String physEngineName, System.String meshEngineName, IConfigSource config, Aurora.Framework.RegionInfo region, IRegistryCore registry) [0x00000] 
  at Aurora.Modules.Startup.PhysicsInitializer.Initialise (IScene scene, IConfigSource source, ISimulationBase openSimBase) [0x00000] 
  at OpenSim.Region.Framework.Scenes.SceneManager.StartModules (IScene scene) [0x00000] 
  at OpenSim.Region.Framework.Scenes.SceneManager.StartNewRegion (IScene scene) [0x00000] 
  at OpenSim.Region.Framework.Scenes.SceneManager.StartNewRegion (Aurora.Framework.RegionInfo regionInfo) [0x00000] 
  at OpenSim.CoreApplicationPlugins.LoadRegionsPlugin.PostStart () [0x00000] 
  at Aurora.Simulation.Base.SimulationBase.StartModules () [0x00000] 
  at Aurora.Simulation.Base.SimulationBase.Startup () [0x00000] 
  at Aurora.Simulation.Base.BaseApplication.Startup (Nini.Config.ArgvConfigSource originalConfigSource, IConfigSource configSource, ISimulationBase simBase, System.String[] cmdParameters) [0x00000] 

Application is terminating: False

2012-04-29 12:49:38,859 ERROR - Aurora.Framework.BaseConsole [CRASH LOGGER CRASHED]: System.NotImplementedException: The requested feature is not implemented.
  at System.IO.FileStream.get_SafeFileHandle () [0x00000] 
  at Aurora.Simulation.Base.BaseApplication.handleException (System.String msg, System.Exception ex) [0x00000] 
