2012-04-29 04:15:11,526 FATAL - Aurora.Framework.BaseConsole [Console]: Console log level is INFO
2012-04-29 04:15:11,551 WARN  - Aurora.Framework.BaseConsole ====================================================================
2012-04-29 04:15:11,551 WARN  - Aurora.Framework.BaseConsole ====================== STARTING AURORA (x64) ======================
2012-04-29 04:15:11,551 WARN  - Aurora.Framework.BaseConsole ====================================================================
2012-04-29 04:15:11,551 WARN  - Aurora.Framework.BaseConsole [AuroraStartup]: Version: Virtual Reality Server: 0.1.1.1 Dev (Unix/Mono)

2012-04-29 04:15:11,759 INFO  - Aurora.Framework.BaseConsole [HttpServer.HttpListener]: HTTP listening on 0.0.0.0:8003
2012-04-29 04:15:12,003 ERROR - Aurora.Framework.BaseConsole [BlackholeAssets]: Blackhole assets enabled
2012-04-29 04:15:12,544 INFO  - Aurora.Framework.BaseConsole [HttpServer.HttpListener]: HTTP listening on 0.0.0.0:8005
2012-04-29 04:15:12,548 WARN  - StarDust.Currency.DustCurrencyService ====================================================================
2012-04-29 04:15:12,548 WARN  - StarDust.Currency.DustCurrencyService ====================== STARDUST CURRENCY 2012 ======================
2012-04-29 04:15:12,548 WARN  - StarDust.Currency.DustCurrencyService ====================================================================
2012-04-29 04:15:12,548 WARN  - StarDust.Currency.DustCurrencyService Stardust TOS/License Agreement - READ ME <<<<<<<<<<<<<<<<<<<<<<<<<<<
2012-04-29 04:15:12,548 WARN  - StarDust.Currency.DustCurrencyService ====================================================================
2012-04-29 04:15:12,548 WARN  - StarDust.Currency.DustCurrencyService * Do NOT use this module in a production environment. 
2012-04-29 04:15:12,548 WARN  - StarDust.Currency.DustCurrencyService * This module is for educational purposes only, and should NOT be
2012-04-29 04:15:12,548 WARN  - StarDust.Currency.DustCurrencyService   used in a production environment!
2012-04-29 04:15:12,548 WARN  - StarDust.Currency.DustCurrencyService * By using this module you agree that Skidz Tweak, Aurora-Sim, or
2012-04-29 04:15:12,548 WARN  - StarDust.Currency.DustCurrencyService   other contributing developers are in no way responsible for any
2012-04-29 04:15:12,548 WARN  - StarDust.Currency.DustCurrencyService   damages that may occur as a result of using this module.
2012-04-29 04:15:12,548 WARN  - StarDust.Currency.DustCurrencyService * By using this module you agree that you understand the risks of
2012-04-29 04:15:12,548 WARN  - StarDust.Currency.DustCurrencyService   running this module and are fully willing to accept those risks
2012-04-29 04:15:12,548 WARN  - StarDust.Currency.DustCurrencyService   and any consequences that may occur.
2012-04-29 04:15:12,548 WARN  - StarDust.Currency.DustCurrencyService * By downing and using this module you are agreeing to everything
2012-04-29 04:15:12,548 WARN  - StarDust.Currency.DustCurrencyService   listed above. If you do not agree, do not use it.
2012-04-29 04:15:12,548 WARN  - StarDust.Currency.DustCurrencyService ====================================================================
2012-04-29 04:15:12,548 WARN  - StarDust.Currency.DustCurrencyService [StarDustStartup]: Version: 0.5

2012-04-29 04:15:12,548 WARN  - StarDust.Currency.DustCurrencyService ====================================================================
2012-04-29 04:15:12,549 INFO  - Aurora.Framework.BaseConsole [HttpServer.HttpListener]: HTTP listening on 0.0.0.0:8002
2012-04-29 04:15:12,550 INFO  - Aurora.Framework.BaseConsole [HttpServer.HttpListener]: HTTP listening on 0.0.0.0:8007
2012-04-29 04:15:12,606 INFO  - Aurora.Framework.BaseConsole Finished removing default inventory
2012-04-29 04:15:12,609 INFO  - Aurora.Framework.BaseConsole [AURORASTARTUP]: Startup completed in 1.387605
2012-04-29 04:27:26,531 INFO  - Aurora.Framework.BaseConsole [COMMANDFILE]: Running shutdown_commands.txt
2012-04-29 04:27:26,532 INFO  - Aurora.Framework.BaseConsole [COMMANDFILE]: Running 'backup'
2012-04-29 04:27:26,537 INFO  - Aurora.Framework.BaseConsole [SHUTDOWN]: Terminating
2012-04-29 04:27:26,537 INFO  - Aurora.Framework.BaseConsole [SHUTDOWN]: Shutdown processing on main thread complete.  Exiting...
2012-04-29 04:32:06,257 FATAL - Aurora.Framework.BaseConsole [Console]: Console log level is INFO
2012-04-29 04:32:06,291 WARN  - Aurora.Framework.BaseConsole ====================================================================
2012-04-29 04:32:06,292 WARN  - Aurora.Framework.BaseConsole ====================== STARTING AURORA (x64) ======================
2012-04-29 04:32:06,292 WARN  - Aurora.Framework.BaseConsole ====================================================================
2012-04-29 04:32:06,292 WARN  - Aurora.Framework.BaseConsole [AuroraStartup]: Version: Virtual Reality Server: 0.1.1.1 Dev (Unix/Mono)

2012-04-29 04:32:06,491 INFO  - Aurora.Framework.BaseConsole [HttpServer.HttpListener]: HTTP listening on 0.0.0.0:8003
2012-04-29 04:32:06,723 ERROR - Aurora.Framework.BaseConsole [BlackholeAssets]: Blackhole assets enabled
2012-04-29 04:32:07,155 INFO  - Aurora.Framework.BaseConsole [HttpServer.HttpListener]: HTTP listening on 0.0.0.0:8005
2012-04-29 04:32:07,160 WARN  - StarDust.Currency.DustCurrencyService ====================================================================
2012-04-29 04:32:07,160 WARN  - StarDust.Currency.DustCurrencyService ====================== STARDUST CURRENCY 2012 ======================
2012-04-29 04:32:07,160 WARN  - StarDust.Currency.DustCurrencyService ====================================================================
2012-04-29 04:32:07,160 WARN  - StarDust.Currency.DustCurrencyService Stardust TOS/License Agreement - READ ME <<<<<<<<<<<<<<<<<<<<<<<<<<<
2012-04-29 04:32:07,160 WARN  - StarDust.Currency.DustCurrencyService ====================================================================
2012-04-29 04:32:07,160 WARN  - StarDust.Currency.DustCurrencyService * Do NOT use this module in a production environment. 
2012-04-29 04:32:07,160 WARN  - StarDust.Currency.DustCurrencyService * This module is for educational purposes only, and should NOT be
2012-04-29 04:32:07,160 WARN  - StarDust.Currency.DustCurrencyService   used in a production environment!
2012-04-29 04:32:07,160 WARN  - StarDust.Currency.DustCurrencyService * By using this module you agree that Skidz Tweak, Aurora-Sim, or
2012-04-29 04:32:07,160 WARN  - StarDust.Currency.DustCurrencyService   other contributing developers are in no way responsible for any
2012-04-29 04:32:07,160 WARN  - StarDust.Currency.DustCurrencyService   damages that may occur as a result of using this module.
2012-04-29 04:32:07,160 WARN  - StarDust.Currency.DustCurrencyService * By using this module you agree that you understand the risks of
2012-04-29 04:32:07,160 WARN  - StarDust.Currency.DustCurrencyService   running this module and are fully willing to accept those risks
2012-04-29 04:32:07,160 WARN  - StarDust.Currency.DustCurrencyService   and any consequences that may occur.
2012-04-29 04:32:07,160 WARN  - StarDust.Currency.DustCurrencyService * By downing and using this module you are agreeing to everything
2012-04-29 04:32:07,160 WARN  - StarDust.Currency.DustCurrencyService   listed above. If you do not agree, do not use it.
2012-04-29 04:32:07,160 WARN  - StarDust.Currency.DustCurrencyService ====================================================================
2012-04-29 04:32:07,160 WARN  - StarDust.Currency.DustCurrencyService [StarDustStartup]: Version: 0.5

2012-04-29 04:32:07,160 WARN  - StarDust.Currency.DustCurrencyService ====================================================================
2012-04-29 04:32:07,161 INFO  - Aurora.Framework.BaseConsole [HttpServer.HttpListener]: HTTP listening on 0.0.0.0:8002
2012-04-29 04:32:07,162 INFO  - Aurora.Framework.BaseConsole [HttpServer.HttpListener]: HTTP listening on 0.0.0.0:8007
2012-04-29 04:32:07,215 INFO  - Aurora.Framework.BaseConsole [AURORASTARTUP]: Startup completed in 1.205118
2012-04-29 06:16:42,655 INFO  - Aurora.Framework.BaseConsole [LLOGIN SERVICE]: Login verification request for 28340ae4-8b9f-43ec-a4d1-f1c1478ad29f
2012-04-29 06:17:15,749 INFO  - Aurora.Framework.BaseConsole [LLOGIN SERVICE]: Login verification request for 48f5ec70-329e-4750-b95d-6fb676920577
2012-04-29 06:17:43,173 INFO  - Aurora.Framework.BaseConsole [LLOGIN SERVICE]: Login verification request for 1100683e-94ad-49ac-b326-56ceb7de2a41
2012-04-29 06:19:19,927 INFO  - Aurora.Framework.BaseConsole [LLOGIN SERVICE]: Login verification request for 1100683e-94ad-49ac-b326-56ceb7de2a41
2012-04-29 06:19:20,318 INFO  - Aurora.Framework.BaseConsole [LLOGIN SERVICE]: Login verification request for 1100683e-94ad-49ac-b326-56ceb7de2a41
2012-04-29 06:19:40,125 INFO  - Aurora.Framework.BaseConsole [LLOGIN SERVICE]: Login verification request for 1100683e-94ad-49ac-b326-56ceb7de2a41
2012-04-29 06:20:55,546 INFO  - Aurora.Framework.BaseConsole [LLOGIN SERVICE]: Login verification request for 1100683e-94ad-49ac-b326-56ceb7de2a41
2012-04-29 06:20:56,840 INFO  - Aurora.Framework.BaseConsole [AUTHENTICATION DB]: Set password for principalID 7e7f093e-ca00-452e-941d-d3cca4a08532
2012-04-29 06:20:56,841 INFO  - Aurora.Framework.BaseConsole [USER ACCOUNT SERVICE]: Account Black Studios created successfully
2012-04-29 06:20:57,572 INFO  - Aurora.Framework.BaseConsole [LLOGIN SERVICE]: Login verification request for 1100683e-94ad-49ac-b326-56ceb7de2a41
2012-04-29 06:21:07,720 INFO  - Aurora.Framework.BaseConsole [AUTHENTICATION DB]: Set password for principalID caa2f977-7df0-4af2-97ec-b6a4ce22f8e6
2012-04-29 06:21:07,720 INFO  - Aurora.Framework.BaseConsole [USER ACCOUNT SERVICE]: Account pino created successfully
2012-04-29 06:22:34,716 INFO  - Aurora.Framework.BaseConsole [LLOGIN SERVICE]: Login verification request for 1100683e-94ad-49ac-b326-56ceb7de2a41
2012-04-29 06:23:35,198 INFO  - Aurora.Framework.BaseConsole [LLOGIN SERVICE]: Login verification request for 1100683e-94ad-49ac-b326-56ceb7de2a41
2012-04-29 06:23:44,013 INFO  - Aurora.Framework.BaseConsole [COMMANDFILE]: Running shutdown_commands.txt
2012-04-29 06:23:44,019 INFO  - Aurora.Framework.BaseConsole [COMMANDFILE]: Running 'backup'
2012-04-29 06:23:44,068 INFO  - Aurora.Framework.BaseConsole [SHUTDOWN]: Terminating
2012-04-29 06:23:44,068 INFO  - Aurora.Framework.BaseConsole [SHUTDOWN]: Shutdown processing on main thread complete.  Exiting...
2012-04-29 06:26:40,192 FATAL - Aurora.Framework.BaseConsole [Console]: Console log level is INFO
2012-04-29 06:26:40,281 WARN  - Aurora.Framework.BaseConsole ====================================================================
2012-04-29 06:26:40,281 WARN  - Aurora.Framework.BaseConsole ====================== STARTING AURORA (x64) ======================
2012-04-29 06:26:40,281 WARN  - Aurora.Framework.BaseConsole ====================================================================
2012-04-29 06:26:40,281 WARN  - Aurora.Framework.BaseConsole [AuroraStartup]: Version: Virtual Reality Server: 0.1.1.1 Dev (Unix/Mono)

2012-04-29 06:26:40,465 INFO  - Aurora.Framework.BaseConsole [HttpServer.HttpListener]: HTTP listening on 0.0.0.0:8003
2012-04-29 06:26:40,973 ERROR - Aurora.Framework.BaseConsole [BlackholeAssets]: Blackhole assets enabled
2012-04-29 06:26:41,431 INFO  - Aurora.Framework.BaseConsole [HttpServer.HttpListener]: HTTP listening on 0.0.0.0:8005
2012-04-29 06:26:41,435 WARN  - StarDust.Currency.DustCurrencyService ====================================================================
2012-04-29 06:26:41,435 WARN  - StarDust.Currency.DustCurrencyService ====================== STARDUST CURRENCY 2012 ======================
2012-04-29 06:26:41,435 WARN  - StarDust.Currency.DustCurrencyService ====================================================================
2012-04-29 06:26:41,435 WARN  - StarDust.Currency.DustCurrencyService Stardust TOS/License Agreement - READ ME <<<<<<<<<<<<<<<<<<<<<<<<<<<
2012-04-29 06:26:41,435 WARN  - StarDust.Currency.DustCurrencyService ====================================================================
2012-04-29 06:26:41,435 WARN  - StarDust.Currency.DustCurrencyService * Do NOT use this module in a production environment. 
2012-04-29 06:26:41,435 WARN  - StarDust.Currency.DustCurrencyService * This module is for educational purposes only, and should NOT be
2012-04-29 06:26:41,435 WARN  - StarDust.Currency.DustCurrencyService   used in a production environment!
2012-04-29 06:26:41,435 WARN  - StarDust.Currency.DustCurrencyService * By using this module you agree that Skidz Tweak, Aurora-Sim, or
2012-04-29 06:26:41,435 WARN  - StarDust.Currency.DustCurrencyService   other contributing developers are in no way responsible for any
2012-04-29 06:26:41,435 WARN  - StarDust.Currency.DustCurrencyService   damages that may occur as a result of using this module.
2012-04-29 06:26:41,435 WARN  - StarDust.Currency.DustCurrencyService * By using this module you agree that you understand the risks of
2012-04-29 06:26:41,435 WARN  - StarDust.Currency.DustCurrencyService   running this module and are fully willing to accept those risks
2012-04-29 06:26:41,435 WARN  - StarDust.Currency.DustCurrencyService   and any consequences that may occur.
2012-04-29 06:26:41,435 WARN  - StarDust.Currency.DustCurrencyService * By downing and using this module you are agreeing to everything
2012-04-29 06:26:41,435 WARN  - StarDust.Currency.DustCurrencyService   listed above. If you do not agree, do not use it.
2012-04-29 06:26:41,435 WARN  - StarDust.Currency.DustCurrencyService ====================================================================
2012-04-29 06:26:41,435 WARN  - StarDust.Currency.DustCurrencyService [StarDustStartup]: Version: 0.5

2012-04-29 06:26:41,435 WARN  - StarDust.Currency.DustCurrencyService ====================================================================
2012-04-29 06:26:41,436 INFO  - Aurora.Framework.BaseConsole [HttpServer.HttpListener]: HTTP listening on 0.0.0.0:8002
2012-04-29 06:26:41,437 INFO  - Aurora.Framework.BaseConsole [HttpServer.HttpListener]: HTTP listening on 0.0.0.0:8007
2012-04-29 06:26:41,505 INFO  - Aurora.Framework.BaseConsole [AURORASTARTUP]: Startup completed in 1.865234
2012-04-29 06:28:05,408 INFO  - Aurora.Framework.BaseConsole [LLOGIN SERVICE]: Login verification request for 1100683e-94ad-49ac-b326-56ceb7de2a41
2012-04-29 06:30:14,648 INFO  - Aurora.Framework.BaseConsole [LLOGIN SERVICE]: Login verification request for 1100683e-94ad-49ac-b326-56ceb7de2a41
2012-04-29 06:30:27,041 INFO  - Aurora.Framework.BaseConsole [COMMANDFILE]: Running shutdown_commands.txt
2012-04-29 06:30:27,042 INFO  - Aurora.Framework.BaseConsole [COMMANDFILE]: Running 'backup'
2012-04-29 06:30:27,047 INFO  - Aurora.Framework.BaseConsole [SHUTDOWN]: Terminating
2012-04-29 06:30:27,047 INFO  - Aurora.Framework.BaseConsole [SHUTDOWN]: Shutdown processing on main thread complete.  Exiting...
2012-04-29 06:30:57,062 FATAL - Aurora.Framework.BaseConsole [Console]: Console log level is INFO
2012-04-29 06:30:57,091 WARN  - Aurora.Framework.BaseConsole ====================================================================
2012-04-29 06:30:57,091 WARN  - Aurora.Framework.BaseConsole ====================== STARTING AURORA (x64) ======================
2012-04-29 06:30:57,091 WARN  - Aurora.Framework.BaseConsole ====================================================================
2012-04-29 06:30:57,091 WARN  - Aurora.Framework.BaseConsole [AuroraStartup]: Version: Virtual Reality Server: 0.1.1.1 Dev (Unix/Mono)

2012-04-29 06:30:57,212 INFO  - Aurora.Framework.BaseConsole [HttpServer.HttpListener]: HTTP listening on 0.0.0.0:8003
2012-04-29 06:30:57,433 ERROR - Aurora.Framework.BaseConsole [BlackholeAssets]: Blackhole assets enabled
2012-04-29 06:30:57,845 INFO  - Aurora.Framework.BaseConsole [HttpServer.HttpListener]: HTTP listening on 0.0.0.0:8005
2012-04-29 06:30:57,850 WARN  - StarDust.Currency.DustCurrencyService ====================================================================
2012-04-29 06:30:57,850 WARN  - StarDust.Currency.DustCurrencyService ====================== STARDUST CURRENCY 2012 ======================
2012-04-29 06:30:57,850 WARN  - StarDust.Currency.DustCurrencyService ====================================================================
2012-04-29 06:30:57,850 WARN  - StarDust.Currency.DustCurrencyService Stardust TOS/License Agreement - READ ME <<<<<<<<<<<<<<<<<<<<<<<<<<<
2012-04-29 06:30:57,850 WARN  - StarDust.Currency.DustCurrencyService ====================================================================
2012-04-29 06:30:57,850 WARN  - StarDust.Currency.DustCurrencyService * Do NOT use this module in a production environment. 
2012-04-29 06:30:57,850 WARN  - StarDust.Currency.DustCurrencyService * This module is for educational purposes only, and should NOT be
2012-04-29 06:30:57,850 WARN  - StarDust.Currency.DustCurrencyService   used in a production environment!
2012-04-29 06:30:57,850 WARN  - StarDust.Currency.DustCurrencyService * By using this module you agree that Skidz Tweak, Aurora-Sim, or
2012-04-29 06:30:57,850 WARN  - StarDust.Currency.DustCurrencyService   other contributing developers are in no way responsible for any
2012-04-29 06:30:57,850 WARN  - StarDust.Currency.DustCurrencyService   damages that may occur as a result of using this module.
2012-04-29 06:30:57,850 WARN  - StarDust.Currency.DustCurrencyService * By using this module you agree that you understand the risks of
2012-04-29 06:30:57,850 WARN  - StarDust.Currency.DustCurrencyService   running this module and are fully willing to accept those risks
2012-04-29 06:30:57,850 WARN  - StarDust.Currency.DustCurrencyService   and any consequences that may occur.
2012-04-29 06:30:57,850 WARN  - StarDust.Currency.DustCurrencyService * By downing and using this module you are agreeing to everything
2012-04-29 06:30:57,850 WARN  - StarDust.Currency.DustCurrencyService   listed above. If you do not agree, do not use it.
2012-04-29 06:30:57,850 WARN  - StarDust.Currency.DustCurrencyService ====================================================================
2012-04-29 06:30:57,850 WARN  - StarDust.Currency.DustCurrencyService [StarDustStartup]: Version: 0.5

2012-04-29 06:30:57,850 WARN  - StarDust.Currency.DustCurrencyService ====================================================================
2012-04-29 06:30:57,851 INFO  - Aurora.Framework.BaseConsole [HttpServer.HttpListener]: HTTP listening on 0.0.0.0:8002
2012-04-29 06:30:57,852 INFO  - Aurora.Framework.BaseConsole [HttpServer.HttpListener]: HTTP listening on 0.0.0.0:8007
2012-04-29 06:30:57,903 INFO  - Aurora.Framework.BaseConsole [AURORASTARTUP]: Startup completed in 1.099845
2012-04-29 06:31:14,849 INFO  - Aurora.Framework.BaseConsole [LLOGIN SERVICE]: Login verification request for 1100683e-94ad-49ac-b326-56ceb7de2a41
2012-04-29 06:33:44,462 INFO  - Aurora.Framework.BaseConsole [LLOGIN SERVICE]: Login verification request for 1100683e-94ad-49ac-b326-56ceb7de2a41
2012-04-29 06:34:38,951 INFO  - Aurora.Framework.BaseConsole [COMMANDFILE]: Running shutdown_commands.txt
2012-04-29 06:34:38,951 INFO  - Aurora.Framework.BaseConsole [COMMANDFILE]: Running 'backup'
2012-04-29 06:34:38,956 INFO  - Aurora.Framework.BaseConsole [SHUTDOWN]: Terminating
2012-04-29 06:34:38,956 INFO  - Aurora.Framework.BaseConsole [SHUTDOWN]: Shutdown processing on main thread complete.  Exiting...
2012-04-29 06:34:41,601 FATAL - Aurora.Framework.BaseConsole [Console]: Console log level is INFO
2012-04-29 06:34:41,631 WARN  - Aurora.Framework.BaseConsole ====================================================================
2012-04-29 06:34:41,631 WARN  - Aurora.Framework.BaseConsole ====================== STARTING AURORA (x64) ======================
2012-04-29 06:34:41,631 WARN  - Aurora.Framework.BaseConsole ====================================================================
2012-04-29 06:34:41,631 WARN  - Aurora.Framework.BaseConsole [AuroraStartup]: Version: Virtual Reality Server: 0.1.1.1 Dev (Unix/Mono)

2012-04-29 06:34:41,922 INFO  - Aurora.Framework.BaseConsole [HttpServer.HttpListener]: HTTP listening on 0.0.0.0:8003
2012-04-29 06:34:42,122 ERROR - Aurora.Framework.BaseConsole [BlackholeAssets]: Blackhole assets enabled
2012-04-29 06:34:42,520 INFO  - Aurora.Framework.BaseConsole [HttpServer.HttpListener]: HTTP listening on 0.0.0.0:8005
2012-04-29 06:34:42,523 WARN  - StarDust.Currency.DustCurrencyService ====================================================================
2012-04-29 06:34:42,523 WARN  - StarDust.Currency.DustCurrencyService ====================== STARDUST CURRENCY 2012 ======================
2012-04-29 06:34:42,523 WARN  - StarDust.Currency.DustCurrencyService ====================================================================
2012-04-29 06:34:42,523 WARN  - StarDust.Currency.DustCurrencyService Stardust TOS/License Agreement - READ ME <<<<<<<<<<<<<<<<<<<<<<<<<<<
2012-04-29 06:34:42,523 WARN  - StarDust.Currency.DustCurrencyService ====================================================================
2012-04-29 06:34:42,523 WARN  - StarDust.Currency.DustCurrencyService * Do NOT use this module in a production environment. 
2012-04-29 06:34:42,523 WARN  - StarDust.Currency.DustCurrencyService * This module is for educational purposes only, and should NOT be
2012-04-29 06:34:42,523 WARN  - StarDust.Currency.DustCurrencyService   used in a production environment!
2012-04-29 06:34:42,523 WARN  - StarDust.Currency.DustCurrencyService * By using this module you agree that Skidz Tweak, Aurora-Sim, or
2012-04-29 06:34:42,523 WARN  - StarDust.Currency.DustCurrencyService   other contributing developers are in no way responsible for any
2012-04-29 06:34:42,523 WARN  - StarDust.Currency.DustCurrencyService   damages that may occur as a result of using this module.
2012-04-29 06:34:42,523 WARN  - StarDust.Currency.DustCurrencyService * By using this module you agree that you understand the risks of
2012-04-29 06:34:42,523 WARN  - StarDust.Currency.DustCurrencyService   running this module and are fully willing to accept those risks
2012-04-29 06:34:42,524 WARN  - StarDust.Currency.DustCurrencyService   and any consequences that may occur.
2012-04-29 06:34:42,524 WARN  - StarDust.Currency.DustCurrencyService * By downing and using this module you are agreeing to everything
2012-04-29 06:34:42,524 WARN  - StarDust.Currency.DustCurrencyService   listed above. If you do not agree, do not use it.
2012-04-29 06:34:42,524 WARN  - StarDust.Currency.DustCurrencyService ====================================================================
2012-04-29 06:34:42,524 WARN  - StarDust.Currency.DustCurrencyService [StarDustStartup]: Version: 0.5

2012-04-29 06:34:42,524 WARN  - StarDust.Currency.DustCurrencyService ====================================================================
2012-04-29 06:34:42,524 INFO  - Aurora.Framework.BaseConsole [HttpServer.HttpListener]: HTTP listening on 0.0.0.0:8002
2012-04-29 06:34:42,525 INFO  - Aurora.Framework.BaseConsole [HttpServer.HttpListener]: HTTP listening on 0.0.0.0:8007
2012-04-29 06:34:42,572 INFO  - Aurora.Framework.BaseConsole [AURORASTARTUP]: Startup completed in 1.208589
2012-04-29 11:14:19,109 FATAL - Aurora.Framework.BaseConsole [Console]: Console log level is INFO
2012-04-29 11:14:19,141 WARN  - Aurora.Framework.BaseConsole ====================================================================
2012-04-29 11:14:19,141 WARN  - Aurora.Framework.BaseConsole ====================== STARTING AURORA (x64) ======================
2012-04-29 11:14:19,141 WARN  - Aurora.Framework.BaseConsole ====================================================================
2012-04-29 11:14:19,141 WARN  - Aurora.Framework.BaseConsole [AuroraStartup]: Version: Virtual Reality Server: 0.1.1.1 Dev (Unix/Mono)

2012-04-29 11:14:19,259 INFO  - Aurora.Framework.BaseConsole [HttpServer.HttpListener]: HTTP listening on 0.0.0.0:8003
2012-04-29 11:14:19,534 ERROR - Aurora.Framework.BaseConsole [BlackholeAssets]: Blackhole assets enabled
2012-04-29 11:14:19,995 INFO  - Aurora.Framework.BaseConsole [HttpServer.HttpListener]: HTTP listening on 0.0.0.0:8005
2012-04-29 11:14:19,999 WARN  - StarDust.Currency.DustCurrencyService ====================================================================
2012-04-29 11:14:19,999 WARN  - StarDust.Currency.DustCurrencyService ====================== STARDUST CURRENCY 2012 ======================
2012-04-29 11:14:19,999 WARN  - StarDust.Currency.DustCurrencyService ====================================================================
2012-04-29 11:14:19,999 WARN  - StarDust.Currency.DustCurrencyService Stardust TOS/License Agreement - READ ME <<<<<<<<<<<<<<<<<<<<<<<<<<<
2012-04-29 11:14:19,999 WARN  - StarDust.Currency.DustCurrencyService ====================================================================
2012-04-29 11:14:19,999 WARN  - StarDust.Currency.DustCurrencyService * Do NOT use this module in a production environment. 
2012-04-29 11:14:19,999 WARN  - StarDust.Currency.DustCurrencyService * This module is for educational purposes only, and should NOT be
2012-04-29 11:14:19,999 WARN  - StarDust.Currency.DustCurrencyService   used in a production environment!
2012-04-29 11:14:19,999 WARN  - StarDust.Currency.DustCurrencyService * By using this module you agree that Skidz Tweak, Aurora-Sim, or
2012-04-29 11:14:19,999 WARN  - StarDust.Currency.DustCurrencyService   other contributing developers are in no way responsible for any
2012-04-29 11:14:19,999 WARN  - StarDust.Currency.DustCurrencyService   damages that may occur as a result of using this module.
2012-04-29 11:14:19,999 WARN  - StarDust.Currency.DustCurrencyService * By using this module you agree that you understand the risks of
2012-04-29 11:14:19,999 WARN  - StarDust.Currency.DustCurrencyService   running this module and are fully willing to accept those risks
2012-04-29 11:14:19,999 WARN  - StarDust.Currency.DustCurrencyService   and any consequences that may occur.
2012-04-29 11:14:19,999 WARN  - StarDust.Currency.DustCurrencyService * By downing and using this module you are agreeing to everything
2012-04-29 11:14:19,999 WARN  - StarDust.Currency.DustCurrencyService   listed above. If you do not agree, do not use it.
2012-04-29 11:14:19,999 WARN  - StarDust.Currency.DustCurrencyService ====================================================================
2012-04-29 11:14:19,999 WARN  - StarDust.Currency.DustCurrencyService [StarDustStartup]: Version: 0.5

2012-04-29 11:14:19,999 WARN  - StarDust.Currency.DustCurrencyService ====================================================================
2012-04-29 11:14:20,000 INFO  - Aurora.Framework.BaseConsole [HttpServer.HttpListener]: HTTP listening on 0.0.0.0:8002
2012-04-29 11:14:20,001 INFO  - Aurora.Framework.BaseConsole [HttpServer.HttpListener]: HTTP listening on 0.0.0.0:8007
2012-04-29 11:14:20,055 INFO  - Aurora.Framework.BaseConsole [AURORASTARTUP]: Startup completed in 1.627311
2012-04-29 11:15:00,812 INFO  - Aurora.Framework.BaseConsole [LLOGIN SERVICE]: Login verification request for 1100683e-94ad-49ac-b326-56ceb7de2a41
2012-04-29 11:18:30,792 INFO  - Aurora.Framework.BaseConsole [AUTHENTICATION DB]: Set password for principalID af536d0f-7c6d-48cb-9522-bdd4c371f0fe
2012-04-29 11:18:30,793 INFO  - Aurora.Framework.BaseConsole [USER ACCOUNT SERVICE]: Account ryan_easyv created successfully
2012-04-29 11:24:56,643 INFO  - Aurora.Framework.BaseConsole [LLOGIN SERVICE]: Login verification request for af536d0f-7c6d-48cb-9522-bdd4c371f0fe
2012-04-29 11:48:04,929 INFO  - Aurora.Framework.BaseConsole [AUTHENTICATION DB]: Set password for principalID 6befff75-215b-4375-8cdd-00d61cf08b06
2012-04-29 11:48:04,929 INFO  - Aurora.Framework.BaseConsole [USER ACCOUNT SERVICE]: Account JJFalcon created successfully
2012-04-29 11:48:31,781 INFO  - Aurora.Framework.BaseConsole [LLOGIN SERVICE]: Login verification request for 6befff75-215b-4375-8cdd-00d61cf08b06
2012-04-29 11:50:42,780 ERROR - Aurora.Framework.BaseConsole [BASE HTTP SERVER]: Requested method [login_to_simulator] from 77.167.95.107 threw exception: System.IO.DirectoryNotFoundException: Could not find a part of the path "/VirtualServer/http:/www.virtualrealitygrid.org/terms_of_use.php".
  at System.IO.FileStream..ctor (System.String path, FileMode mode, FileAccess access, FileShare share, Int32 bufferSize, Boolean anonymous, FileOptions options) [0x00000] 
  at System.IO.FileStream..ctor (System.String path, FileMode mode, FileAccess access, FileShare share) [0x00000] 
  at (wrapper remoting-invoke-with-check) System.IO.FileStream:.ctor (string,System.IO.FileMode,System.IO.FileAccess,System.IO.FileShare)
  at System.IO.File.OpenRead (System.String path) [0x00000] 
  at System.IO.StreamReader..ctor (System.String path, System.Text.Encoding encoding, Boolean detectEncodingFromByteOrderMarks, Int32 bufferSize) [0x00000] 
  at System.IO.StreamReader..ctor (System.String path) [0x00000] 
  at (wrapper remoting-invoke-with-check) System.IO.StreamReader:.ctor (string)
  at OpenSim.Services.LLLoginService.BannedUserLoginModule.Login (System.Collections.Hashtable request, OpenSim.Services.Interfaces.UserAccount account, Aurora.Framework.IAgentInfo agentInfo, System.String authType, System.String password, System.Object& data) [0x00000] 
  at OpenSim.Services.LLLoginService.LLLoginService.Login (UUID AgentID, System.String Name, System.String authType, System.String passwd, System.String startLocation, UUID scopeID, System.String clientVersion, System.String channel, System.String mac, System.String id0, System.Net.IPEndPoint clientIP, System.Collections.Hashtable requestData) [0x00000] 
  at OpenSim.Services.LLLoginHandlers.HandleXMLRPCLogin (Nwc.XmlRpc.XmlRpcRequest request, System.Net.IPEndPoint remoteClient) [0x00000] 
  at Aurora.Framework.Servers.HttpServer.BaseHttpServer.HandleXmlRpcRequests (Aurora.Framework.Servers.HttpServer.OSHttpRequest request, Aurora.Framework.Servers.HttpServer.OSHttpResponse response) [0x00000]    at System.IO.FileStream..ctor (System.String path, FileMode mode, FileAccess access, FileShare share, Int32 bufferSize, Boolean anonymous, FileOptions options) [0x00000] 
  at System.IO.FileStream..ctor (System.String path, FileMode mode, FileAccess access, FileShare share) [0x00000] 
  at (wrapper remoting-invoke-with-check) System.IO.FileStream:.ctor (string,System.IO.FileMode,System.IO.FileAccess,System.IO.FileShare)
  at System.IO.File.OpenRead (System.String path) [0x00000] 
  at System.IO.StreamReader..ctor (System.String path, System.Text.Encoding encoding, Boolean detectEncodingFromByteOrderMarks, Int32 bufferSize) [0x00000] 
  at System.IO.StreamReader..ctor (System.String path) [0x00000] 
  at (wrapper remoting-invoke-with-check) System.IO.StreamReader:.ctor (string)
  at OpenSim.Services.LLLoginService.BannedUserLoginModule.Login (System.Collections.Hashtable request, OpenSim.Services.Interfaces.UserAccount account, Aurora.Framework.IAgentInfo agentInfo, System.String authType, System.String password, System.Object& data) [0x00000] 
  at OpenSim.Services.LLLoginService.LLLoginService.Login (UUID AgentID, System.String Name, System.String authType, System.String passwd, System.String startLocation, UUID scopeID, System.String clientVersion, System.String channel, System.String mac, System.String id0, System.Net.IPEndPoint clientIP, System.Collections.Hashtable requestData) [0x00000] 
  at OpenSim.Services.LLLoginHandlers.HandleXMLRPCLogin (Nwc.XmlRpc.XmlRpcRequest request, System.Net.IPEndPoint remoteClient) [0x00000] 
  at Aurora.Framework.Servers.HttpServer.BaseHttpServer.HandleXmlRpcRequests (Aurora.Framework.Servers.HttpServer.OSHttpRequest request, Aurora.Framework.Servers.HttpServer.OSHttpResponse response) [0x00000] 
2012-04-29 11:58:33,792 INFO  - Aurora.Framework.BaseConsole [AUTHENTICATION DB]: Set password for principalID c6b22dbe-7ed7-47af-bc93-d9ac5ba6ddaa
2012-04-29 11:58:33,792 INFO  - Aurora.Framework.BaseConsole [USER ACCOUNT SERVICE]: Account jakeathon21 created successfully
2012-04-29 12:07:08,751 INFO  - Aurora.Framework.BaseConsole [AUTHENTICATION DB]: Set password for principalID 1411d898-408f-4036-961f-db55b3986ee5
2012-04-29 12:07:08,751 INFO  - Aurora.Framework.BaseConsole [USER ACCOUNT SERVICE]: Account taysexything created successfully
2012-04-29 13:30:20,527 INFO  - Aurora.Framework.BaseConsole [AUTHENTICATION DB]: Set password for principalID 5c862d64-2691-4d1f-87f5-5785b9cd493a
2012-04-29 13:30:20,528 INFO  - Aurora.Framework.BaseConsole [USER ACCOUNT SERVICE]: Account chicabahdest created successfully
2012-04-29 13:31:01,648 INFO  - Aurora.Framework.BaseConsole [LLOGIN SERVICE]: Login verification request for 5c862d64-2691-4d1f-87f5-5785b9cd493a
